<?xml version="1.0" encoding="UTF-8"?>
<!-- Generated by org.testng.reporters.JUnitXMLReporter -->
<testsuite hostname="DELL-PC" name="Validating title in the Page" tests="1" failures="1" timestamp="8 Sep 2020 06:02:05 GMT" time="27.761" errors="0">
  <testcase name="validateAppTitle" time="0.135" classname="Selenium.project.validateTitle">
    <failure type="java.lang.AssertionError" message="expected [FEATURED CO123URSES] but found [FEATURED COURSES]">
      <![CDATA[java.lang.AssertionError: expected [FEATURED CO123URSES] but found [FEATURED COURSES]
	at Selenium.project.validateTitle.validateAppTitle(validateTitle.java:38)
... Removed 29 stack frames]]>
    </failure>
  </testcase> <!-- validateAppTitle -->
</testsuite> <!-- Validating title in the Page -->
